<?xml version="1.0" encoding="utf-8"?><testsuites name="pytest tests"><testsuite name="pytest" errors="0" failures="0" skipped="0" tests="18" time="6.990" timestamp="2026-05-10T06:07:23.397795+00:00" hostname="agent-env-b904f19f-6457-4f92-8b74-e1593d88150c"><testcase classname="backend.tests.test_iter3.TestRookies" name="test_rookies_endpoint" time="0.608" /><testcase classname="backend.tests.test_iter3.TestRookies" name="test_rookie_fields" time="0.106" /><testcase classname="backend.tests.test_iter3.TestRookies" name="test_rookies_known_2025_names" time="0.114" /><testcase classname="backend.tests.test_iter3.TestThisWeek" name="test_this_week_basic" time="0.138" /><testcase classname="backend.tests.test_iter3.TestThisWeek" name="test_this_week_play_fields" time="0.138" /><testcase classname="backend.tests.test_iter3.TestLineups" name="test_save_lineup" time="0.647" /><testcase classname="backend.tests.test_iter3.TestLineups" name="test_my_lineups_get" time="0.047" /><testcase classname="backend.tests.test_iter3.TestLineups" name="test_lineups_unauth" time="0.199" /><testcase classname="backend.tests.test_iter3.TestLineups" name="test_delete_lineup" time="0.093" /><testcase classname="backend.tests.test_iter3.TestPredictions" name="test_log_prediction" time="0.229" /><testcase classname="backend.tests.test_iter3.TestPredictions" name="test_predictions_stats_shape" time="0.104" /><testcase classname="backend.tests.test_iter3.TestPredictions" name="test_lineup_suggest_grows_predictions" time="2.840" /><testcase classname="backend.tests.test_iter3.TestPredictions" name="test_settle_requires_admin" time="0.047" /><testcase classname="backend.tests.test_iter3.TestPredictions" name="test_settle_admin" time="0.443" /><testcase classname="backend.tests.test_iter3.TestNewsUrl" name="test_news_url_endpoint" time="0.311" /><testcase classname="backend.tests.test_iter3.TestNewsUrl" name="test_player_detail_has_news_url" time="0.301" /><testcase classname="backend.tests.test_iter3.TestSchedule" name="test_player_has_next_opponent_from_schedule" time="0.303" /><testcase classname="backend.tests.test_iter3.TestAdminRefresh" name="test_refresh_unauthorized" time="0.051" /></testsuite></testsuites>