<?xml version="1.0" encoding="utf-8"?><testsuites name="pytest tests"><testsuite name="pytest" errors="0" failures="0" skipped="0" tests="49" time="11.720" timestamp="2026-05-10T06:07:34.364165+00:00" hostname="agent-env-b904f19f-6457-4f92-8b74-e1593d88150c"><testcase classname="backend.tests.test_backend.TestHealth" name="test_root" time="0.174" /><testcase classname="backend.tests.test_backend.TestHealth" name="test_stats_summary" time="0.045" /><testcase classname="backend.tests.test_backend.TestPlayers" name="test_list_default" time="0.102" /><testcase classname="backend.tests.test_backend.TestPlayers" name="test_filter_position" time="0.052" /><testcase classname="backend.tests.test_backend.TestPlayers" name="test_filter_season" time="0.110" /><testcase classname="backend.tests.test_backend.TestPlayers" name="test_filter_team" time="0.088" /><testcase classname="backend.tests.test_backend.TestPlayers" name="test_search" time="0.043" /><testcase classname="backend.tests.test_backend.TestPlayers" name="test_sort_fpts_desc" time="0.104" /><testcase classname="backend.tests.test_backend.TestPlayers" name="test_scoring_param" time="0.202" /><testcase classname="backend.tests.test_backend.TestPlayers" name="test_player_detail" time="0.142" /><testcase classname="backend.tests.test_backend.TestPlayers" name="test_player_404" time="0.046" /><testcase classname="backend.tests.test_backend.TestTeams" name="test_list" time="0.083" /><testcase classname="backend.tests.test_backend.TestSleepersBusts" name="test_buckets" time="0.047" /><testcase classname="backend.tests.test_backend.TestAuth" name="test_register_and_me" time="0.419" /><testcase classname="backend.tests.test_backend.TestAuth" name="test_login_admin_sets_cookies" time="0.411" /><testcase classname="backend.tests.test_backend.TestAuth" name="test_invalid_login" time="0.377" /><testcase classname="backend.tests.test_backend.TestAuth" name="test_refresh_and_logout" time="0.491" /><testcase classname="backend.tests.test_backend.TestRankings" name="test_create_ranking" time="0.617" /><testcase classname="backend.tests.test_backend.TestRankings" name="test_list_my_rankings" time="0.063" /><testcase classname="backend.tests.test_backend.TestRankings" name="test_delete_ranking" time="0.116" /><testcase classname="backend.tests.test_backend.TestRankings" name="test_rankings_requires_auth" time="0.126" /><testcase classname="backend.tests.test_backend.TestCSVUpload" name="test_upload_csv" time="0.410" /><testcase classname="backend.tests.test_backend.TestOutlook" name="test_outlook_generation" time="0.152" /><testcase classname="backend.tests.test_backend.TestLineup" name="test_lineup_suggest" time="0.050" /><testcase classname="backend.tests.test_backend.TestStartSit" name="test_start_sit_basic" time="0.108" /><testcase classname="backend.tests.test_backend.TestStartSit" name="test_start_sit_slot_filter" time="0.217" /><testcase classname="backend.tests.test_backend.TestStartSit" name="test_start_sit_empty" time="0.044" /><testcase classname="backend.tests.test_backend.TestDefenseRankings" name="test_def_rankings" time="0.042" /><testcase classname="backend.tests.test_backend.TestPlayerMatchup" name="test_player_has_matchup_fields" time="0.147" /><testcase classname="backend.tests.test_backend.TestAdminDataStatus" name="test_data_status" time="0.089" /><testcase classname="backend.tests.test_backend.TestPlayerCounts" name="test_player_counts_by_position" time="0.236" /><testcase classname="backend.tests.test_iter3.TestRookies" name="test_rookies_endpoint" time="0.127" /><testcase classname="backend.tests.test_iter3.TestRookies" name="test_rookie_fields" time="0.106" /><testcase classname="backend.tests.test_iter3.TestRookies" name="test_rookies_known_2025_names" time="0.134" /><testcase classname="backend.tests.test_iter3.TestThisWeek" name="test_this_week_basic" time="0.167" /><testcase classname="backend.tests.test_iter3.TestThisWeek" name="test_this_week_play_fields" time="0.107" /><testcase classname="backend.tests.test_iter3.TestLineups" name="test_save_lineup" time="0.587" /><testcase classname="backend.tests.test_iter3.TestLineups" name="test_my_lineups_get" time="0.050" /><testcase classname="backend.tests.test_iter3.TestLineups" name="test_lineups_unauth" time="0.360" /><testcase classname="backend.tests.test_iter3.TestLineups" name="test_delete_lineup" time="0.129" /><testcase classname="backend.tests.test_iter3.TestPredictions" name="test_log_prediction" time="0.215" /><testcase classname="backend.tests.test_iter3.TestPredictions" name="test_predictions_stats_shape" time="0.101" /><testcase classname="backend.tests.test_iter3.TestPredictions" name="test_lineup_suggest_grows_predictions" time="2.814" /><testcase classname="backend.tests.test_iter3.TestPredictions" name="test_settle_requires_admin" time="0.046" /><testcase classname="backend.tests.test_iter3.TestPredictions" name="test_settle_admin" time="0.402" /><testcase classname="backend.tests.test_iter3.TestNewsUrl" name="test_news_url_endpoint" time="0.294" /><testcase classname="backend.tests.test_iter3.TestNewsUrl" name="test_player_detail_has_news_url" time="0.310" /><testcase classname="backend.tests.test_iter3.TestSchedule" name="test_player_has_next_opponent_from_schedule" time="0.273" /><testcase classname="backend.tests.test_iter3.TestAdminRefresh" name="test_refresh_unauthorized" time="0.049" /></testsuite></testsuites>