<?xml version="1.0" encoding="utf-8"?><testsuites name="pytest tests"><testsuite name="pytest" errors="0" failures="1" skipped="0" tests="23" time="4.454" timestamp="2026-05-10T02:36:40.922508+00:00" hostname="agent-env-b904f19f-6457-4f92-8b74-e1593d88150c"><testcase classname="backend.tests.test_backend.TestHealth" name="test_root" time="0.277" /><testcase classname="backend.tests.test_backend.TestHealth" name="test_stats_summary" time="0.069" /><testcase classname="backend.tests.test_backend.TestPlayers" name="test_list_default" time="0.077" /><testcase classname="backend.tests.test_backend.TestPlayers" name="test_filter_position" time="0.071" /><testcase classname="backend.tests.test_backend.TestPlayers" name="test_filter_season" time="0.068"><failure message="assert False&#10; +  where False = all(&lt;generator object TestPlayers.test_filter_season.&lt;locals&gt;.&lt;genexpr&gt; at 0xfbe3db2eea40&gt;)">backend/tests/test_backend.py:78: in test_filter_season
    assert all(
E   assert False
E    +  where False = all(&lt;generator object TestPlayers.test_filter_season.&lt;locals&gt;.&lt;genexpr&gt; at 0xfbe3db2eea40&gt;)</failure></testcase><testcase classname="backend.tests.test_backend.TestPlayers" name="test_filter_team" time="0.111" /><testcase classname="backend.tests.test_backend.TestPlayers" name="test_search" time="0.059" /><testcase classname="backend.tests.test_backend.TestPlayers" name="test_sort_fpts_desc" time="0.073" /><testcase classname="backend.tests.test_backend.TestPlayers" name="test_scoring_param" time="0.162" /><testcase classname="backend.tests.test_backend.TestPlayers" name="test_player_detail" time="0.128" /><testcase classname="backend.tests.test_backend.TestPlayers" name="test_player_404" time="0.053" /><testcase classname="backend.tests.test_backend.TestTeams" name="test_list" time="0.056" /><testcase classname="backend.tests.test_backend.TestSleepersBusts" name="test_buckets" time="0.063" /><testcase classname="backend.tests.test_backend.TestAuth" name="test_register_and_me" time="0.422" /><testcase classname="backend.tests.test_backend.TestAuth" name="test_login_admin_sets_cookies" time="0.410" /><testcase classname="backend.tests.test_backend.TestAuth" name="test_invalid_login" time="0.329" /><testcase classname="backend.tests.test_backend.TestAuth" name="test_refresh_and_logout" time="0.495" /><testcase classname="backend.tests.test_backend.TestRankings" name="test_create_ranking" time="0.557" /><testcase classname="backend.tests.test_backend.TestRankings" name="test_list_my_rankings" time="0.053" /><testcase classname="backend.tests.test_backend.TestRankings" name="test_delete_ranking" time="0.098" /><testcase classname="backend.tests.test_backend.TestRankings" name="test_rankings_requires_auth" time="0.103" /><testcase classname="backend.tests.test_backend.TestCSVUpload" name="test_upload_csv" time="0.416" /><testcase classname="backend.tests.test_backend.TestOutlook" name="test_outlook_generation" time="0.163" /></testsuite></testsuites>